mode: set
github.com/achannarasappa/ticker/v5/internal/monitor/yahoo/unary/helpers-quote.go:15.71,56.44 4 1
github.com/achannarasappa/ticker/v5/internal/monitor/yahoo/unary/helpers-quote.go:56.44,58.3 1 1
github.com/achannarasappa/ticker/v5/internal/monitor/yahoo/unary/helpers-quote.go:60.2,60.116 1 1
github.com/achannarasappa/ticker/v5/internal/monitor/yahoo/unary/helpers-quote.go:60.116,64.3 2 1
github.com/achannarasappa/ticker/v5/internal/monitor/yahoo/unary/helpers-quote.go:66.2,66.83 1 1
github.com/achannarasappa/ticker/v5/internal/monitor/yahoo/unary/helpers-quote.go:66.83,71.3 3 1
github.com/achannarasappa/ticker/v5/internal/monitor/yahoo/unary/helpers-quote.go:73.2,73.72 1 1
github.com/achannarasappa/ticker/v5/internal/monitor/yahoo/unary/helpers-quote.go:73.72,80.3 5 1
github.com/achannarasappa/ticker/v5/internal/monitor/yahoo/unary/helpers-quote.go:82.2,82.40 1 1
github.com/achannarasappa/ticker/v5/internal/monitor/yahoo/unary/helpers-quote.go:82.40,89.3 5 1
github.com/achannarasappa/ticker/v5/internal/monitor/yahoo/unary/helpers-quote.go:91.2,91.46 1 1
github.com/achannarasappa/ticker/v5/internal/monitor/yahoo/unary/helpers-quote.go:91.46,99.3 6 1
github.com/achannarasappa/ticker/v5/internal/monitor/yahoo/unary/helpers-quote.go:101.2,104.19 3 1
github.com/achannarasappa/ticker/v5/internal/monitor/yahoo/unary/helpers-quote.go:109.105,113.47 3 1
github.com/achannarasappa/ticker/v5/internal/monitor/yahoo/unary/helpers-quote.go:113.47,117.3 3 1
github.com/achannarasappa/ticker/v5/internal/monitor/yahoo/unary/helpers-quote.go:119.2,119.31 1 1
github.com/achannarasappa/ticker/v5/internal/monitor/yahoo/unary/helpers-quote.go:123.52,125.36 1 1
github.com/achannarasappa/ticker/v5/internal/monitor/yahoo/unary/helpers-quote.go:125.36,127.3 1 1
github.com/achannarasappa/ticker/v5/internal/monitor/yahoo/unary/helpers-quote.go:129.2,129.30 1 1
github.com/achannarasappa/ticker/v5/internal/monitor/yahoo/unary/helpers-quote.go:129.30,131.3 1 1
github.com/achannarasappa/ticker/v5/internal/monitor/yahoo/unary/helpers-quote.go:133.2,133.26 1 1
github.com/achannarasappa/ticker/v5/internal/monitor/yahoo/unary/helpers-session.go:27.43,32.16 3 1
github.com/achannarasappa/ticker/v5/internal/monitor/yahoo/unary/helpers-session.go:32.16,34.3 1 1
github.com/achannarasappa/ticker/v5/internal/monitor/yahoo/unary/helpers-session.go:37.2,38.16 2 1
github.com/achannarasappa/ticker/v5/internal/monitor/yahoo/unary/helpers-session.go:38.16,40.3 1 1
github.com/achannarasappa/ticker/v5/internal/monitor/yahoo/unary/helpers-session.go:42.2,42.12 1 1
github.com/achannarasappa/ticker/v5/internal/monitor/yahoo/unary/helpers-session.go:46.56,48.16 2 1
github.com/achannarasappa/ticker/v5/internal/monitor/yahoo/unary/helpers-session.go:48.16,50.3 1 1
github.com/achannarasappa/ticker/v5/internal/monitor/yahoo/unary/helpers-session.go:52.2,58.16 6 1
github.com/achannarasappa/ticker/v5/internal/monitor/yahoo/unary/helpers-session.go:58.16,60.3 1 1
github.com/achannarasappa/ticker/v5/internal/monitor/yahoo/unary/helpers-session.go:61.2,64.31 2 1
github.com/achannarasappa/ticker/v5/internal/monitor/yahoo/unary/helpers-session.go:64.31,66.3 1 1
github.com/achannarasappa/ticker/v5/internal/monitor/yahoo/unary/helpers-session.go:68.2,69.35 2 1
github.com/achannarasappa/ticker/v5/internal/monitor/yahoo/unary/helpers-session.go:69.35,71.3 1 1
github.com/achannarasappa/ticker/v5/internal/monitor/yahoo/unary/helpers-session.go:73.2,73.21 1 1
github.com/achannarasappa/ticker/v5/internal/monitor/yahoo/unary/helpers-session.go:77.58,92.16 9 1
github.com/achannarasappa/ticker/v5/internal/monitor/yahoo/unary/helpers-session.go:92.16,94.3 1 1
github.com/achannarasappa/ticker/v5/internal/monitor/yahoo/unary/helpers-session.go:95.2,97.55 2 1
github.com/achannarasappa/ticker/v5/internal/monitor/yahoo/unary/helpers-session.go:97.55,99.3 1 1
github.com/achannarasappa/ticker/v5/internal/monitor/yahoo/unary/helpers-session.go:102.2,103.16 2 1
github.com/achannarasappa/ticker/v5/internal/monitor/yahoo/unary/helpers-session.go:103.16,105.3 1 1
github.com/achannarasappa/ticker/v5/internal/monitor/yahoo/unary/helpers-session.go:108.2,110.91 2 1
github.com/achannarasappa/ticker/v5/internal/monitor/yahoo/unary/helpers-session.go:110.91,112.17 2 1
github.com/achannarasappa/ticker/v5/internal/monitor/yahoo/unary/helpers-session.go:112.17,114.4 1 0
github.com/achannarasappa/ticker/v5/internal/monitor/yahoo/unary/helpers-session.go:116.2,116.27 1 1
github.com/achannarasappa/ticker/v5/internal/monitor/yahoo/unary/helpers-session.go:116.27,118.3 1 1
github.com/achannarasappa/ticker/v5/internal/monitor/yahoo/unary/helpers-session.go:121.2,130.16 8 1
github.com/achannarasappa/ticker/v5/internal/monitor/yahoo/unary/helpers-session.go:130.16,132.3 1 1
github.com/achannarasappa/ticker/v5/internal/monitor/yahoo/unary/helpers-session.go:134.2,153.37 18 1
github.com/achannarasappa/ticker/v5/internal/monitor/yahoo/unary/helpers-session.go:153.37,155.3 1 1
github.com/achannarasappa/ticker/v5/internal/monitor/yahoo/unary/helpers-session.go:157.2,160.16 3 1
github.com/achannarasappa/ticker/v5/internal/monitor/yahoo/unary/helpers-session.go:160.16,162.3 1 1
github.com/achannarasappa/ticker/v5/internal/monitor/yahoo/unary/helpers-session.go:163.2,167.16 3 1
github.com/achannarasappa/ticker/v5/internal/monitor/yahoo/unary/helpers-session.go:167.16,169.3 1 0
github.com/achannarasappa/ticker/v5/internal/monitor/yahoo/unary/helpers-session.go:171.2,171.35 1 1
github.com/achannarasappa/ticker/v5/internal/monitor/yahoo/unary/helpers-session.go:171.35,173.3 1 1
github.com/achannarasappa/ticker/v5/internal/monitor/yahoo/unary/helpers-session.go:175.2,175.21 1 1
github.com/achannarasappa/ticker/v5/internal/monitor/yahoo/unary/helpers-session.go:179.47,181.16 2 1
github.com/achannarasappa/ticker/v5/internal/monitor/yahoo/unary/helpers-session.go:181.16,183.3 1 1
github.com/achannarasappa/ticker/v5/internal/monitor/yahoo/unary/helpers-session.go:185.2,193.35 7 1
github.com/achannarasappa/ticker/v5/internal/monitor/yahoo/unary/helpers-session.go:193.35,195.3 1 1
github.com/achannarasappa/ticker/v5/internal/monitor/yahoo/unary/helpers-session.go:197.2,198.16 2 1
github.com/achannarasappa/ticker/v5/internal/monitor/yahoo/unary/helpers-session.go:198.16,200.3 1 1
github.com/achannarasappa/ticker/v5/internal/monitor/yahoo/unary/helpers-session.go:201.2,203.53 2 1
github.com/achannarasappa/ticker/v5/internal/monitor/yahoo/unary/helpers-session.go:203.53,205.3 1 1
github.com/achannarasappa/ticker/v5/internal/monitor/yahoo/unary/helpers-session.go:208.2,211.19 3 1
github.com/achannarasappa/ticker/v5/internal/monitor/yahoo/unary/helpers-session.go:215.74,217.69 1 1
github.com/achannarasappa/ticker/v5/internal/monitor/yahoo/unary/helpers-session.go:217.69,218.25 1 1
github.com/achannarasappa/ticker/v5/internal/monitor/yahoo/unary/helpers-session.go:218.25,220.5 1 1
github.com/achannarasappa/ticker/v5/internal/monitor/yahoo/unary/helpers-session.go:222.4,222.14 1 1
github.com/achannarasappa/ticker/v5/internal/monitor/yahoo/unary/helpers-session.go:228.52,231.2 1 1
github.com/achannarasappa/ticker/v5/internal/monitor/yahoo/unary/helpers-session.go:234.55,235.33 1 1
github.com/achannarasappa/ticker/v5/internal/monitor/yahoo/unary/helpers-session.go:235.33,236.26 1 1
github.com/achannarasappa/ticker/v5/internal/monitor/yahoo/unary/helpers-session.go:236.26,238.4 1 1
github.com/achannarasappa/ticker/v5/internal/monitor/yahoo/unary/helpers-session.go:241.2,241.14 1 1
github.com/achannarasappa/ticker/v5/internal/monitor/yahoo/unary/helpers-session.go:245.73,254.29 5 1
github.com/achannarasappa/ticker/v5/internal/monitor/yahoo/unary/helpers-session.go:254.29,256.3 1 1
github.com/achannarasappa/ticker/v5/internal/monitor/yahoo/unary/helpers-session.go:258.2,258.29 1 1
github.com/achannarasappa/ticker/v5/internal/monitor/yahoo/unary/helpers-session.go:258.29,260.3 1 1
github.com/achannarasappa/ticker/v5/internal/monitor/yahoo/unary/helpers-session.go:263.2,263.118 1 1
github.com/achannarasappa/ticker/v5/internal/monitor/yahoo/unary/helpers-session.go:263.118,265.3 1 1
github.com/achannarasappa/ticker/v5/internal/monitor/yahoo/unary/helpers-session.go:267.2,267.29 1 1
github.com/achannarasappa/ticker/v5/internal/monitor/yahoo/unary/helpers-session.go:267.29,269.3 1 1
github.com/achannarasappa/ticker/v5/internal/monitor/yahoo/unary/helpers-session.go:271.2,271.50 1 1
github.com/achannarasappa/ticker/v5/internal/monitor/yahoo/unary/helpers-session.go:275.73,277.57 2 1
github.com/achannarasappa/ticker/v5/internal/monitor/yahoo/unary/helpers-session.go:277.57,279.22 2 1
github.com/achannarasappa/ticker/v5/internal/monitor/yahoo/unary/helpers-session.go:279.22,280.12 1 0
github.com/achannarasappa/ticker/v5/internal/monitor/yahoo/unary/helpers-session.go:284.3,285.26 2 1
github.com/achannarasappa/ticker/v5/internal/monitor/yahoo/unary/helpers-session.go:285.26,286.12 1 0
github.com/achannarasappa/ticker/v5/internal/monitor/yahoo/unary/helpers-session.go:289.3,295.34 2 1
github.com/achannarasappa/ticker/v5/internal/monitor/yahoo/unary/helpers-session.go:295.34,297.11 2 1
github.com/achannarasappa/ticker/v5/internal/monitor/yahoo/unary/helpers-session.go:298.44,299.56 1 0
github.com/achannarasappa/ticker/v5/internal/monitor/yahoo/unary/helpers-session.go:300.42,301.52 1 1
github.com/achannarasappa/ticker/v5/internal/monitor/yahoo/unary/helpers-session.go:302.45,303.87 1 0
github.com/achannarasappa/ticker/v5/internal/monitor/yahoo/unary/helpers-session.go:304.45,305.86 1 0
github.com/achannarasappa/ticker/v5/internal/monitor/yahoo/unary/helpers-session.go:305.86,307.6 1 0
github.com/achannarasappa/ticker/v5/internal/monitor/yahoo/unary/helpers-session.go:308.26,309.25 1 0
github.com/achannarasappa/ticker/v5/internal/monitor/yahoo/unary/helpers-session.go:310.28,311.27 1 0
github.com/achannarasappa/ticker/v5/internal/monitor/yahoo/unary/helpers-session.go:312.46,315.27 3 0
github.com/achannarasappa/ticker/v5/internal/monitor/yahoo/unary/helpers-session.go:315.27,317.6 1 0
github.com/achannarasappa/ticker/v5/internal/monitor/yahoo/unary/helpers-session.go:317.11,317.36 1 0
github.com/achannarasappa/ticker/v5/internal/monitor/yahoo/unary/helpers-session.go:317.36,319.6 1 0
github.com/achannarasappa/ticker/v5/internal/monitor/yahoo/unary/helpers-session.go:323.3,323.36 1 1
github.com/achannarasappa/ticker/v5/internal/monitor/yahoo/unary/helpers-session.go:326.2,326.21 1 1
github.com/achannarasappa/ticker/v5/internal/monitor/yahoo/unary/unary.go:38.43,41.69 1 1
github.com/achannarasappa/ticker/v5/internal/monitor/yahoo/unary/unary.go:41.69,42.21 1 1
github.com/achannarasappa/ticker/v5/internal/monitor/yahoo/unary/unary.go:42.21,44.5 1 1
github.com/achannarasappa/ticker/v5/internal/monitor/yahoo/unary/unary.go:46.4,46.14 1 0
github.com/achannarasappa/ticker/v5/internal/monitor/yahoo/unary/unary.go:50.2,56.3 1 1
github.com/achannarasappa/ticker/v5/internal/monitor/yahoo/unary/unary.go:60.103,61.23 1 1
github.com/achannarasappa/ticker/v5/internal/monitor/yahoo/unary/unary.go:61.23,63.3 1 1
github.com/achannarasappa/ticker/v5/internal/monitor/yahoo/unary/unary.go:65.2,67.16 2 1
github.com/achannarasappa/ticker/v5/internal/monitor/yahoo/unary/unary.go:67.16,69.3 1 1
github.com/achannarasappa/ticker/v5/internal/monitor/yahoo/unary/unary.go:71.2,73.36 2 1
github.com/achannarasappa/ticker/v5/internal/monitor/yahoo/unary/unary.go:77.90,78.23 1 1
github.com/achannarasappa/ticker/v5/internal/monitor/yahoo/unary/unary.go:78.23,80.3 1 1
github.com/achannarasappa/ticker/v5/internal/monitor/yahoo/unary/unary.go:82.2,84.16 2 1
github.com/achannarasappa/ticker/v5/internal/monitor/yahoo/unary/unary.go:84.16,86.3 1 1
github.com/achannarasappa/ticker/v5/internal/monitor/yahoo/unary/unary.go:88.2,90.52 2 1
github.com/achannarasappa/ticker/v5/internal/monitor/yahoo/unary/unary.go:90.52,95.3 1 1
github.com/achannarasappa/ticker/v5/internal/monitor/yahoo/unary/unary.go:97.2,97.30 1 1
github.com/achannarasappa/ticker/v5/internal/monitor/yahoo/unary/unary.go:101.106,102.22 1 1
github.com/achannarasappa/ticker/v5/internal/monitor/yahoo/unary/unary.go:102.22,104.3 1 1
github.com/achannarasappa/ticker/v5/internal/monitor/yahoo/unary/unary.go:106.2,106.30 1 1
github.com/achannarasappa/ticker/v5/internal/monitor/yahoo/unary/unary.go:106.30,108.3 1 1
github.com/achannarasappa/ticker/v5/internal/monitor/yahoo/unary/unary.go:111.2,114.46 3 1
github.com/achannarasappa/ticker/v5/internal/monitor/yahoo/unary/unary.go:114.46,116.25 1 1
github.com/achannarasappa/ticker/v5/internal/monitor/yahoo/unary/unary.go:116.25,117.12 1 1
github.com/achannarasappa/ticker/v5/internal/monitor/yahoo/unary/unary.go:120.3,120.33 1 1
github.com/achannarasappa/ticker/v5/internal/monitor/yahoo/unary/unary.go:120.33,121.12 1 1
github.com/achannarasappa/ticker/v5/internal/monitor/yahoo/unary/unary.go:124.3,126.60 2 1
github.com/achannarasappa/ticker/v5/internal/monitor/yahoo/unary/unary.go:126.60,129.4 2 1
github.com/achannarasappa/ticker/v5/internal/monitor/yahoo/unary/unary.go:132.2,132.35 1 1
github.com/achannarasappa/ticker/v5/internal/monitor/yahoo/unary/unary.go:132.35,134.3 1 1
github.com/achannarasappa/ticker/v5/internal/monitor/yahoo/unary/unary.go:137.2,138.16 2 1
github.com/achannarasappa/ticker/v5/internal/monitor/yahoo/unary/unary.go:138.16,140.3 1 1
github.com/achannarasappa/ticker/v5/internal/monitor/yahoo/unary/unary.go:143.2,145.52 2 1
github.com/achannarasappa/ticker/v5/internal/monitor/yahoo/unary/unary.go:145.52,152.3 2 1
github.com/achannarasappa/ticker/v5/internal/monitor/yahoo/unary/unary.go:154.2,154.27 1 1
github.com/achannarasappa/ticker/v5/internal/monitor/yahoo/unary/unary.go:157.83,161.16 2 1
github.com/achannarasappa/ticker/v5/internal/monitor/yahoo/unary/unary.go:161.16,163.3 1 1
github.com/achannarasappa/ticker/v5/internal/monitor/yahoo/unary/unary.go:165.2,176.19 8 1
github.com/achannarasappa/ticker/v5/internal/monitor/yahoo/unary/unary.go:176.19,178.3 1 1
github.com/achannarasappa/ticker/v5/internal/monitor/yahoo/unary/unary.go:180.2,193.24 8 1
github.com/achannarasappa/ticker/v5/internal/monitor/yahoo/unary/unary.go:193.24,194.36 1 1
github.com/achannarasappa/ticker/v5/internal/monitor/yahoo/unary/unary.go:194.36,196.4 1 1
github.com/achannarasappa/ticker/v5/internal/monitor/yahoo/unary/unary.go:200.2,201.16 2 1
github.com/achannarasappa/ticker/v5/internal/monitor/yahoo/unary/unary.go:201.16,203.3 1 1
github.com/achannarasappa/ticker/v5/internal/monitor/yahoo/unary/unary.go:204.2,207.28 2 1
github.com/achannarasappa/ticker/v5/internal/monitor/yahoo/unary/unary.go:207.28,209.44 1 1
github.com/achannarasappa/ticker/v5/internal/monitor/yahoo/unary/unary.go:209.44,211.4 1 1
github.com/achannarasappa/ticker/v5/internal/monitor/yahoo/unary/unary.go:214.3,214.38 1 1
github.com/achannarasappa/ticker/v5/internal/monitor/yahoo/unary/unary.go:218.2,218.63 1 1
github.com/achannarasappa/ticker/v5/internal/monitor/yahoo/unary/unary.go:218.63,220.3 1 1
github.com/achannarasappa/ticker/v5/internal/monitor/yahoo/unary/unary.go:223.2,224.67 2 1
github.com/achannarasappa/ticker/v5/internal/monitor/yahoo/unary/unary.go:224.67,226.3 1 1
github.com/achannarasappa/ticker/v5/internal/monitor/yahoo/unary/unary.go:228.2,228.20 1 1
