mode: set
github.com/achannarasappa/ticker/v5/internal/monitor/yahoo/monitor-price/monitor.go:55.77,78.27 5 1
github.com/achannarasappa/ticker/v5/internal/monitor/yahoo/monitor-price/monitor.go:78.27,80.3 1 1
github.com/achannarasappa/ticker/v5/internal/monitor/yahoo/monitor-price/monitor.go:82.2,82.16 1 1
github.com/achannarasappa/ticker/v5/internal/monitor/yahoo/monitor-price/monitor.go:86.57,87.36 1 1
github.com/achannarasappa/ticker/v5/internal/monitor/yahoo/monitor-price/monitor.go:87.36,90.3 1 1
github.com/achannarasappa/ticker/v5/internal/monitor/yahoo/monitor-price/monitor.go:94.89,97.44 1 1
github.com/achannarasappa/ticker/v5/internal/monitor/yahoo/monitor-price/monitor.go:97.44,99.17 2 1
github.com/achannarasappa/ticker/v5/internal/monitor/yahoo/monitor-price/monitor.go:99.17,101.4 1 1
github.com/achannarasappa/ticker/v5/internal/monitor/yahoo/monitor-price/monitor.go:102.3,103.37 2 1
github.com/achannarasappa/ticker/v5/internal/monitor/yahoo/monitor-price/monitor.go:103.37,105.4 1 1
github.com/achannarasappa/ticker/v5/internal/monitor/yahoo/monitor-price/monitor.go:107.3,107.21 1 1
github.com/achannarasappa/ticker/v5/internal/monitor/yahoo/monitor-price/monitor.go:111.2,115.43 4 1
github.com/achannarasappa/ticker/v5/internal/monitor/yahoo/monitor-price/monitor.go:115.43,117.3 1 1
github.com/achannarasappa/ticker/v5/internal/monitor/yahoo/monitor-price/monitor.go:119.2,119.20 1 1
github.com/achannarasappa/ticker/v5/internal/monitor/yahoo/monitor-price/monitor.go:123.83,134.33 7 1
github.com/achannarasappa/ticker/v5/internal/monitor/yahoo/monitor-price/monitor.go:134.33,136.3 1 1
github.com/achannarasappa/ticker/v5/internal/monitor/yahoo/monitor-price/monitor.go:138.2,143.16 3 1
github.com/achannarasappa/ticker/v5/internal/monitor/yahoo/monitor-price/monitor.go:143.16,145.3 1 1
github.com/achannarasappa/ticker/v5/internal/monitor/yahoo/monitor-price/monitor.go:148.2,149.16 2 1
github.com/achannarasappa/ticker/v5/internal/monitor/yahoo/monitor-price/monitor.go:149.16,151.3 1 1
github.com/achannarasappa/ticker/v5/internal/monitor/yahoo/monitor-price/monitor.go:154.2,156.12 2 1
github.com/achannarasappa/ticker/v5/internal/monitor/yahoo/monitor-price/monitor.go:161.43,165.17 2 1
github.com/achannarasappa/ticker/v5/internal/monitor/yahoo/monitor-price/monitor.go:165.17,167.3 1 1
github.com/achannarasappa/ticker/v5/internal/monitor/yahoo/monitor-price/monitor.go:170.2,171.16 2 1
github.com/achannarasappa/ticker/v5/internal/monitor/yahoo/monitor-price/monitor.go:171.16,173.3 1 1
github.com/achannarasappa/ticker/v5/internal/monitor/yahoo/monitor-price/monitor.go:176.2,177.16 2 1
github.com/achannarasappa/ticker/v5/internal/monitor/yahoo/monitor-price/monitor.go:177.16,179.3 1 1
github.com/achannarasappa/ticker/v5/internal/monitor/yahoo/monitor-price/monitor.go:182.2,186.12 3 1
github.com/achannarasappa/ticker/v5/internal/monitor/yahoo/monitor-price/monitor.go:190.42,192.18 1 1
github.com/achannarasappa/ticker/v5/internal/monitor/yahoo/monitor-price/monitor.go:192.18,194.3 1 1
github.com/achannarasappa/ticker/v5/internal/monitor/yahoo/monitor-price/monitor.go:196.2,198.12 2 1
github.com/achannarasappa/ticker/v5/internal/monitor/yahoo/monitor-price/monitor.go:201.83,209.16 5 1
github.com/achannarasappa/ticker/v5/internal/monitor/yahoo/monitor-price/monitor.go:209.16,211.3 1 1
github.com/achannarasappa/ticker/v5/internal/monitor/yahoo/monitor-price/monitor.go:213.2,213.12 1 1
github.com/achannarasappa/ticker/v5/internal/monitor/yahoo/monitor-price/monitor.go:217.45,218.6 1 1
github.com/achannarasappa/ticker/v5/internal/monitor/yahoo/monitor-price/monitor.go:218.6,219.10 1 1
github.com/achannarasappa/ticker/v5/internal/monitor/yahoo/monitor-price/monitor.go:220.23,221.10 1 1
github.com/achannarasappa/ticker/v5/internal/monitor/yahoo/monitor-price/monitor.go:223.54,230.15 3 1
github.com/achannarasappa/ticker/v5/internal/monitor/yahoo/monitor-price/monitor.go:230.15,234.13 2 0
github.com/achannarasappa/ticker/v5/internal/monitor/yahoo/monitor-price/monitor.go:238.4,240.86 1 1
github.com/achannarasappa/ticker/v5/internal/monitor/yahoo/monitor-price/monitor.go:240.86,244.13 2 1
github.com/achannarasappa/ticker/v5/internal/monitor/yahoo/monitor-price/monitor.go:246.4,275.12 18 1
github.com/achannarasappa/ticker/v5/internal/monitor/yahoo/monitor-price/monitor.go:281.86,288.16 4 1
github.com/achannarasappa/ticker/v5/internal/monitor/yahoo/monitor-price/monitor.go:288.16,290.3 1 1
github.com/achannarasappa/ticker/v5/internal/monitor/yahoo/monitor-price/monitor.go:293.2,294.36 2 1
github.com/achannarasappa/ticker/v5/internal/monitor/yahoo/monitor-price/monitor.go:294.36,296.44 1 1
github.com/achannarasappa/ticker/v5/internal/monitor/yahoo/monitor-price/monitor.go:296.44,298.4 1 1
github.com/achannarasappa/ticker/v5/internal/monitor/yahoo/monitor-price/monitor.go:300.3,300.92 1 1
github.com/achannarasappa/ticker/v5/internal/monitor/yahoo/monitor-price/monitor.go:300.92,304.4 2 1
github.com/achannarasappa/ticker/v5/internal/monitor/yahoo/monitor-price/monitor.go:306.3,307.32 2 1
github.com/achannarasappa/ticker/v5/internal/monitor/yahoo/monitor-price/monitor.go:309.2,318.32 6 1
github.com/achannarasappa/ticker/v5/internal/monitor/yahoo/monitor-price/monitor.go:321.82,323.25 1 1
github.com/achannarasappa/ticker/v5/internal/monitor/yahoo/monitor-price/monitor.go:323.25,325.3 1 1
github.com/achannarasappa/ticker/v5/internal/monitor/yahoo/monitor-price/monitor.go:327.2,331.35 3 1
github.com/achannarasappa/ticker/v5/internal/monitor/yahoo/monitor-price/monitor.go:331.35,332.55 1 1
github.com/achannarasappa/ticker/v5/internal/monitor/yahoo/monitor-price/monitor.go:332.55,334.4 1 1
github.com/achannarasappa/ticker/v5/internal/monitor/yahoo/monitor-price/monitor.go:336.2,340.16 3 1
github.com/achannarasappa/ticker/v5/internal/monitor/yahoo/monitor-price/monitor.go:340.16,342.3 1 1
github.com/achannarasappa/ticker/v5/internal/monitor/yahoo/monitor-price/monitor.go:344.2,348.49 3 1
github.com/achannarasappa/ticker/v5/internal/monitor/yahoo/monitor-price/monitor.go:348.49,355.3 2 1
github.com/achannarasappa/ticker/v5/internal/monitor/yahoo/monitor-price/monitor.go:357.2,361.12 3 1
